#
# There is insufficient memory for the Java Runtime Environment to continue.
# Native memory allocation (malloc) failed to allocate 1048576 bytes for AllocateHeap
# Possible reasons:
#   The system is out of physical RAM or swap space
#   In 32 bit mode, the process size limit was hit
# Possible solutions:
#   Reduce memory load on the system
#   Increase physical memory or swap space
#   Check if swap backing store is full
#   Use 64 bit Java on a 64 bit OS
#   Decrease Java heap size (-Xmx/-Xms)
#   Decrease number of Java threads
#   Decrease Java thread stack sizes (-Xss)
#   Set larger code cache with -XX:ReservedCodeCacheSize=
# This output file may be truncated or incomplete.
#
#  Out of Memory Error (memory/allocation.inline.hpp:61), pid=23372, tid=0x00000000000066d8
#
# JRE version:  (8.0_111-b14) (build )
# Java VM: Java HotSpot(TM) 64-Bit Server VM (25.111-b14 mixed mode windows-amd64 compressed oops)
# Failed to write core dump. Minidumps are not enabled by default on client versions of Windows
#

---------------  T H R E A D  ---------------

Current thread (0x0000000002e5e800):  JavaThread "Unknown thread" [_thread_in_vm, id=26328, stack(0x0000000002e60000,0x0000000002f60000)]

Stack: [0x0000000002e60000,0x0000000002f60000]
[error occurred during error reporting (printing stack bounds), id 0xc0000005]

Native frames: (J=compiled Java code, j=interpreted, Vv=VM code, C=native code)


---------------  P R O C E S S  ---------------

Java Threads: ( => current thread )

Other Threads:

=>0x0000000002e5e800 (exited) JavaThread "Unknown thread" [_thread_in_vm, id=26328, stack(0x0000000002e60000,0x0000000002f60000)]

VM state:not at safepoint (normal execution)

VM Mutex/Monitor currently owned by a thread: None

Heap:
 PSYoungGen      total 76288K, used 1310K [0x000000076b400000, 0x0000000770900000, 0x00000007c0000000)
  eden space 65536K, 2% used [0x000000076b400000,0x000000076b547af0,0x000000076f400000)
  from space 10752K, 0% used [0x000000076fe80000,0x000000076fe80000,0x0000000770900000)
  to   space 10752K, 0% used [0x000000076f400000,0x000000076f400000,0x000000076fe80000)
 ParOldGen       total 175104K, used 0K [0x00000006c1c00000, 0x00000006cc700000, 0x000000076b400000)
  object space 175104K, 0% used [0x00000006c1c00000,0x00000006c1c00000,0x00000006cc700000)
 Metaspace       used 770K, capacity 4480K, committed 4480K, reserved 1056768K
  class space    used 75K, capacity 384K, committed 384K, reserved 1048576K

Card table byte_map: [0x0000000012420000,0x0000000012c20000] byte_map_base: 0x000000000ee12000

Marking Bits: (ParMarkBitMap*) 0x0000000077baa6c0
 Begin Bits: [0x0000000013b70000, 0x0000000017b00000)
 End Bits:   [0x0000000017b00000, 0x000000001ba90000)

Polling page: 0x0000000000bc0000

CodeCache: size=245760Kb used=328Kb max_used=328Kb free=245431Kb
 bounds [0x0000000003060000, 0x00000000032d0000, 0x0000000012060000]
 total_blobs=58 nmethods=0 adapters=38
 compilation: enabled

Compilation events (0 events):
No events

GC Heap History (0 events):
No events

Deoptimization events (0 events):
No events

Internal exceptions (0 events):
No events

Events (10 events):
Event: 0.016 loading class java/lang/Short
Event: 0.016 loading class java/lang/Short done
Event: 0.016 loading class java/lang/Integer
Event: 0.016 loading class java/lang/Integer done
Event: 0.016 loading class java/lang/Long
Event: 0.016 loading class java/lang/Long done
Event: 0.016 loading class java/lang/NullPointerException
Event: 0.016 loading class java/lang/NullPointerException done
Event: 0.016 loading class java/lang/ArithmeticException
Event: 0.016 loading class java/lang/ArithmeticException done


Dynamic libraries:
0x00007ff78d960000 - 0x00007ff78d997000 	C:\Program Files\Java\jdk1.8.0_111\jre\bin\java.exe
0x00007ffa248d0000 - 0x00007ffa24abd000 	C:\Windows\SYSTEM32\ntdll.dll
0x00007ffa24320000 - 0x00007ffa243d3000 	C:\Windows\System32\KERNEL32.DLL
0x00007ffa20c50000 - 0x00007ffa20ee5000 	C:\Windows\System32\KERNELBASE.dll
0x00007ffa23ec0000 - 0x00007ffa23f63000 	C:\Windows\System32\ADVAPI32.dll
0x00007ffa24780000 - 0x00007ffa2481e000 	C:\Windows\System32\msvcrt.dll
0x00007ffa238f0000 - 0x00007ffa2398e000 	C:\Windows\System32\sechost.dll
0x00007ffa24490000 - 0x00007ffa245b2000 	C:\Windows\System32\RPCRT4.dll
0x00007ffa21d40000 - 0x00007ffa21ed7000 	C:\Windows\System32\USER32.dll
0x00007ffa21920000 - 0x00007ffa21940000 	C:\Windows\System32\win32u.dll
0x00007ffa21b20000 - 0x00007ffa21b49000 	C:\Windows\System32\GDI32.dll
0x00007ffa21750000 - 0x00007ffa218ec000 	C:\Windows\System32\gdi32full.dll
0x00007ffa20b60000 - 0x00007ffa20c00000 	C:\Windows\System32\msvcp_win.dll
0x00007ffa21650000 - 0x00007ffa2174a000 	C:\Windows\System32\ucrtbase.dll
0x00007ffa13330000 - 0x00007ffa135a9000 	C:\Windows\WinSxS\amd64_microsoft.windows.common-controls_6595b64144ccf1df_6.0.17763.1554_none_de728818534a243f\COMCTL32.dll
0x00007ffa23990000 - 0x00007ffa23cbd000 	C:\Windows\System32\combase.dll
0x00007ffa21940000 - 0x00007ffa219be000 	C:\Windows\System32\bcryptPrimitives.dll
0x00007ffa21af0000 - 0x00007ffa21b1e000 	C:\Windows\System32\IMM32.DLL
0x00000000772b0000 - 0x0000000077382000 	C:\Program Files\Java\jdk1.8.0_111\jre\bin\msvcr100.dll
0x0000000077390000 - 0x0000000077c2a000 	C:\Program Files\Java\jdk1.8.0_111\jre\bin\server\jvm.dll
0x00007ffa23f70000 - 0x00007ffa23f78000 	C:\Windows\System32\PSAPI.DLL
0x00007ffa0e970000 - 0x00007ffa0e979000 	C:\Windows\SYSTEM32\WSOCK32.dll
0x00007ffa16ac0000 - 0x00007ffa16ae4000 	C:\Windows\SYSTEM32\WINMM.dll
0x00007ffa1b420000 - 0x00007ffa1b42a000 	C:\Windows\SYSTEM32\VERSION.dll
0x00007ffa23f80000 - 0x00007ffa23fed000 	C:\Windows\System32\WS2_32.dll
0x00007ffa16a90000 - 0x00007ffa16abd000 	C:\Windows\SYSTEM32\winmmbase.dll
0x00007ffa20c00000 - 0x00007ffa20c4a000 	C:\Windows\System32\cfgmgr32.dll
0x0000000050050000 - 0x000000005005f000 	C:\Program Files\Java\jdk1.8.0_111\jre\bin\verify.dll
0x0000000050020000 - 0x0000000050049000 	C:\Program Files\Java\jdk1.8.0_111\jre\bin\java.dll
0x0000000050000000 - 0x0000000050016000 	C:\Program Files\Java\jdk1.8.0_111\jre\bin\zip.dll

VM Arguments:
java_command: <unknown>
java_class_path (initial): .
Launcher Type: SUN_STANDARD

Environment Variables:
JAVA_HOME=C:\Program Files\Java\jdk1.8.0_231\
PATH=D:\Programs\Java\OpenJDK11J9\bin;D:\Programs\Java\OpenJDK15J9\bin;C:\Program Files (x86)\Common Files\Oracle\Java\javapath;C:\ProgramData\Oracle\Java\javapath;C:\Windows\system32;C:\Windows;C:\Windows\System32\Wbem;C:\Windows\System32\WindowsPowerShell\v1.0\;C:\Windows\System32\OpenSSH\;C:\Program Files (x86)\Intel\Intel(R) Management Engine Components\DAL;C:\Program Files\Intel\Intel(R) Management Engine Components\DAL;C:\Program Files (x86)\NVIDIA Corporation\PhysX\Common;C:\Program Files (x86)\PuTTY\;C:\Program Files\Java\jdk1.8.0_231\bin;D:\Programs\NodeJs\;D:\Programs\Git\cmd;C:\Users\Neal\AppData\Local\Microsoft\WindowsApps;C:\Users\Neal\AppData\Local\GitHubDesktop\bin;C:\Program Files\heroku\bin;C:\Users\Neal\AppData\Roaming\npm;C:\Users\Neal\Desktop\apache-maven-3.6.3-bin\apache-maven-3.6.3\bin;;D:\Programs\Microsoft VS Code\bin
USERNAME=Neal
OS=Windows_NT
PROCESSOR_IDENTIFIER=Intel64 Family 6 Model 158 Stepping 10, GenuineIntel



---------------  S Y S T E M  ---------------

OS: Windows 10.0 , 64 bit Build 17763 (10.0.17763.475)

CPU:total 12 (6 cores per cpu, 2 threads per core) family 6 model 158 stepping 10, cmov, cx8, fxsr, mmx, sse, sse2, sse3, ssse3, sse4.1, sse4.2, popcnt, avx, avx2, aes, clmul, erms, rtm, 3dnowpref, lzcnt, ht, tsc, tscinvbit, bmi1, bmi2, adx

Memory: 4k page, physical 16660112k(5013024k free), swap 16660112k(5540k free)

vm_info: Java HotSpot(TM) 64-Bit Server VM (25.111-b14) for windows-amd64 JRE (1.8.0_111-b14), built on Sep 22 2016 19:24:05 by "java_re" with MS VC++ 10.0 (VS2010)

time: Wed Nov 04 08:54:28 2020
elapsed time: 0 seconds (0d 0h 0m 0s)

